
> tminuszero@0.1.0 backfill:blue-origin:launch-details
> ts-node --project tsconfig.scripts.json --transpile-only -r tsconfig-paths/register scripts/blue-origin-launch-details-backfill.ts --skipJobs --dryRun --maxLaunches 45 --maxPagesPerLaunch 20

[blue-origin-launch-details-backfill] start
{
  "skipJobs": true,
  "dryRun": true,
  "timeoutSeconds": 120,
  "maxLaunches": 45,
  "maxPagesPerLaunch": 20,
  "jobs": [
    "blue-origin-bootstrap",
    "blue-origin-vehicles-ingest",
    "blue-origin-engines-ingest",
    "blue-origin-missions-ingest",
    "blue-origin-news-ingest",
    "blue-origin-media-ingest",
    "blue-origin-passengers-ingest",
    "blue-origin-payloads-ingest",
    "blue-origin-contracts-ingest",
    "blue-origin-social-ingest",
    "blue-origin-snapshot-build"
  ]
}
[launches] scanned=45
[flights] seeded=38 (dry-run)
[flights] link updates=0 unresolved_after_resolver=0 (dry-run)
[constraints] prepared=111 launches_evaluated=45 launches_with_enhancements=45 launches_without_enhancements=0 (dry-run)
[blue-origin-launch-details-backfill] report
{
  "jobs": [],
  "launchesScanned": 45,
  "flightRowsSeeded": 38,
  "flightRowsUpdated": 0,
  "launchDetailConstraintsPrepared": 111,
  "launchesEvaluatedForEnhancements": 45,
  "launchesWithEnhancements": 45,
  "launchesWithoutEnhancements": 0,
  "launchesWithoutEnhancementsSample": [],
  "launchEnhancementAudits": [
    {
      "launchId": "d26cca98-2cad-4f89-84d4-e9072db7e707",
      "launchName": "New Glenn | Blue Moon Pathfinder Mission 2 & VIPER",
      "flightCode": null,
      "seedUrls": [
        "https://www.blueorigin.com/new-glenn",
        "https://www.blueorigin.com/blue-moon"
      ],
      "discoveredUrls": 31,
      "visitedUrls": 20,
      "pagesParsed": 20,
      "passengers": 0,
      "payloads": 9,
      "facts": 0,
      "graphics": 0,
      "errors": []
    },
    {
      "launchId": "2da3cf1b-1c5f-4473-bac9-e9b4253b7d22",
      "launchName": "New Glenn | Amazon Leo (New Glenn #1)",
      "flightCode": "ng-1",
      "seedUrls": [
        "https://www.blueorigin.com/missions/ng-1",
        "https://www.blueorigin.com/news/new-glenn-ng-1-mission",
        "https://www.blueorigin.com/new-glenn"
      ],
      "discoveredUrls": 32,
      "visitedUrls": 20,
      "pagesParsed": 20,
      "passengers": 0,
      "payloads": 10,
      "facts": 2,
      "graphics": 2,
      "errors": []
    },
    {
      "launchId": "25631245-4239-4df6-8b02-7e7c2cdccc23",
      "launchName": "New Glenn | Blue Moon Pathfinder",
      "flightCode": null,
      "seedUrls": [
        "https://www.blueorigin.com/new-glenn",
        "https://www.blueorigin.com/blue-moon"
      ],
      "discoveredUrls": 31,
      "visitedUrls": 20,
      "pagesParsed": 20,
      "passengers": 0,
      "payloads": 9,
      "facts": 0,
      "graphics": 0,
      "errors": []
    },
    {
      "launchId": "10f41762-7bb8-4633-8023-4b7720ed32ec",
      "launchName": "New Glenn | BlueBird Block 2 #4",
      "flightCode": null,
      "seedUrls": [
        "https://www.blueorigin.com/new-glenn"
      ],
      "discoveredUrls": 31,
      "visitedUrls": 20,
      "pagesParsed": 20,
      "passengers": 0,
      "payloads": 9,
      "facts": 0,
      "graphics": 0,
      "errors": []
    },
    {
      "launchId": "78c75deb-a0fa-419a-b152-35eb6dede4ec",
      "launchName": "New Glenn | BlueBird Block 2 #2",
      "flightCode": null,
      "seedUrls": [
        "https://www.blueorigin.com/new-glenn"
      ],
      "discoveredUrls": 31,
      "visitedUrls": 20,
      "pagesParsed": 20,
      "passengers": 0,
      "payloads": 9,
      "facts": 0,
      "graphics": 0,
      "errors": []
    },
    {
      "launchId": "b54ac864-8bc6-4587-886b-e74c48484ff6",
      "launchName": "New Shepard | NS-38",
      "flightCode": "ns-38",
      "seedUrls": [
        "https://www.blueorigin.com/news/new-shepard-ns-38-mission",
        "https://www.blueorigin.com/missions/ns-38",
        "https://www.blueorigin.com/new-shepard"
      ],
      "discoveredUrls": 31,
      "visitedUrls": 20,
      "pagesParsed": 18,
      "passengers": 0,
      "payloads": 9,
      "facts": 0,
      "graphics": 0,
      "errors": [
        "https://www.blueorigin.com/news/new-shepard-ns-38-mission:fetch_failed",
        "https://www.blueorigin.com/missions/ns-38:fetch_failed"
      ]
    },
    {
      "launchId": "86063b43-8939-47f6-9088-05f631e0eb27",
      "launchName": "New Shepard | NS-37",
      "flightCode": "ns-37",
      "seedUrls": [
        "https://www.blueorigin.com/missions/ns-37",
        "https://www.blueorigin.com/news/new-shepard-ns-37-mission",
        "https://www.blueorigin.com/new-shepard"
      ],
      "discoveredUrls": 29,
      "visitedUrls": 20,
      "pagesParsed": 17,
      "passengers": 11,
      "payloads": 9,
      "facts": 0,
      "graphics": 0,
      "errors": [
        "https://www.blueorigin.com/missions/ns-37:fetch_failed",
        "https://www.blueorigin.com/news/new-shepard-ns-38-mission:fetch_failed",
        "https://www.blueorigin.com/news/blue-ring-optimum-technologies-sensor:fetch_failed"
      ]
    },
    {
      "launchId": "b7bad80c-b5eb-4e89-b82e-c0d040086f41",
      "launchName": "New Glenn | EscaPADE",
      "flightCode": null,
      "seedUrls": [
        "https://www.blueorigin.com/missions/ng-2",
        "https://www.blueorigin.com/new-glenn"
      ],
      "discoveredUrls": 31,
      "visitedUrls": 20,
      "pagesParsed": 19,
      "passengers": 0,
      "payloads": 9,
      "facts": 0,
      "graphics": 5,
      "errors": [
        "https://www.blueorigin.com/news/new-glenn-launches-nasa-escapade-lands-fully-reusable-booster:fetch_failed"
      ]
    },
    {
      "launchId": "ec4fc9eb-e660-4367-93b9-adc78fdae411",
      "launchName": "New Shepard | NS-36",
      "flightCode": "ns-36",
      "seedUrls": [
        "https://www.blueorigin.com/missions/ns-36",
        "https://www.blueorigin.com/news/new-shepard-ns-36-mission",
        "https://www.blueorigin.com/new-shepard"
      ],
      "discoveredUrls": 24,
      "visitedUrls": 20,
      "pagesParsed": 18,
      "passengers": 16,
      "payloads": 9,
      "facts": 1,
      "graphics": 0,
      "errors": [
        "https://www.blueorigin.com/news/blue-ring-optimum-technologies-sensor:fetch_failed",
        "https://www.blueorigin.com/news/new-shepard-ns-38-mission:fetch_failed"
      ]
    },
    {
      "launchId": "d44c175a-bd9d-4133-9bdb-9537f43535d7",
      "launchName": "New Shepard | NS-35",
      "flightCode": "ns-35",
      "seedUrls": [
        "https://www.blueorigin.com/missions/ns-35",
        "https://www.blueorigin.com/news/new-shepard-ns-35-mission",
        "https://www.blueorigin.com/new-shepard"
      ],
      "discoveredUrls": 31,
      "visitedUrls": 20,
      "pagesParsed": 18,
      "passengers": 0,
      "payloads": 9,
      "facts": 0,
      "graphics": 0,
      "errors": [
        "https://www.blueorigin.com/missions/ns-35:fetch_failed",
        "https://www.blueorigin.com/news/new-shepard-ns-35-mission:fetch_failed"
      ]
    },
    {
      "launchId": "b32bdcaf-d970-42a3-815f-2358aa154500",
      "launchName": "New Shepard | NS-34",
      "flightCode": "ns-34",
      "seedUrls": [
        "https://www.blueorigin.com/missions/ns-34",
        "https://www.blueorigin.com/news/new-shepard-ns-34-mission",
        "https://www.blueorigin.com/new-shepard"
      ],
      "discoveredUrls": 31,
      "visitedUrls": 20,
      "pagesParsed": 18,
      "passengers": 0,
      "payloads": 9,
      "facts": 0,
      "graphics": 0,
      "errors": [
        "https://www.blueorigin.com/missions/ns-34:fetch_failed",
        "https://www.blueorigin.com/news/new-shepard-ns-34-mission:fetch_failed"
      ]
    },
    {
      "launchId": "41c4eeb5-4cde-409f-98c2-5dded14fd988",
      "launchName": "New Shepard | NS-33",
      "flightCode": "ns-33",
      "seedUrls": [
        "https://www.blueorigin.com/missions/ns-33",
        "https://www.blueorigin.com/news/new-shepard-ns-33-mission",
        "https://www.blueorigin.com/new-shepard"
      ],
      "discoveredUrls": 31,
      "visitedUrls": 20,
      "pagesParsed": 19,
      "passengers": 0,
      "payloads": 9,
      "facts": 0,
      "graphics": 0,
      "errors": [
        "https://www.blueorigin.com/news/new-shepard-ns-33-mission:fetch_failed"
      ]
    },
    {
      "launchId": "9f88449b-b9ae-4e20-be93-87ad9cdfce86",
      "launchName": "New Shepard | NS-32",
      "flightCode": "ns-32",
      "seedUrls": [
        "https://www.blueorigin.com/missions/ns-32",
        "https://www.blueorigin.com/news/new-shepard-ns-32-mission",
        "https://www.blueorigin.com/new-shepard"
      ],
      "discoveredUrls": 24,
      "visitedUrls": 20,
      "pagesParsed": 17,
      "passengers": 25,
      "payloads": 9,
      "facts": 0,
      "graphics": 0,
      "errors": [
        "https://www.blueorigin.com/missions/ns-32:fetch_failed",
        "https://www.blueorigin.com/news/blue-ring-optimum-technologies-sensor:fetch_failed",
        "https://www.blueorigin.com/news/new-shepard-ns-38-mission:fetch_failed"
      ]
    },
    {
      "launchId": "5cdaf6ea-a2b8-4d97-8565-541c2fdb9a1a",
      "launchName": "New Shepard | NS-31",
      "flightCode": "ns-31",
      "seedUrls": [
        "https://www.blueorigin.com/missions/ns-31",
        "https://www.blueorigin.com/news/new-shepard-ns-31-mission",
        "https://www.blueorigin.com/new-shepard"
      ],
      "discoveredUrls": 31,
      "visitedUrls": 20,
      "pagesParsed": 19,
      "passengers": 6,
      "payloads": 10,
      "facts": 2,
      "graphics": 1,
      "errors": [
        "https://www.blueorigin.com/missions/ns-31:fetch_failed"
      ]
    },
    {
      "launchId": "ca18ee24-c58f-4224-b892-179c5a856a13",
      "launchName": "New Shepard | NS-30",
      "flightCode": "ns-30",
      "seedUrls": [
        "https://www.blueorigin.com/missions/ns-30",
        "https://www.blueorigin.com/news/new-shepard-ns-30-mission",
        "https://www.blueorigin.com/new-shepard"
      ],
      "discoveredUrls": 31,
      "visitedUrls": 20,
      "pagesParsed": 18,
      "passengers": 0,
      "payloads": 9,
      "facts": 0,
      "graphics": 0,
      "errors": [
        "https://www.blueorigin.com/missions/ns-30:fetch_failed",
        "https://www.blueorigin.com/news/new-shepard-ns-30-mission:fetch_failed"
      ]
    },
    {
      "launchId": "82204811-bd9a-4769-a45f-9cd8fcb66460",
      "launchName": "New Shepard | NS-29",
      "flightCode": "ns-29",
      "seedUrls": [
        "https://www.blueorigin.com/news/new-shepard-ns-29-mission",
        "https://www.blueorigin.com/missions/ns-29",
        "https://www.blueorigin.com/new-shepard"
      ],
      "discoveredUrls": 31,
      "visitedUrls": 20,
      "pagesParsed": 19,
      "passengers": 0,
      "payloads": 10,
      "facts": 2,
      "graphics": 0,
      "errors": [
        "https://www.blueorigin.com/news/new-shepard-ns-29-mission:fetch_failed"
      ]
    },
    {
      "launchId": "459a2ecb-c06f-4398-9b3f-6898830c72b4",
      "launchName": "New Glenn | Maiden Flight",
      "flightCode": "ng-1",
      "seedUrls": [
        "https://www.blueorigin.com/missions/ng-1",
        "https://www.blueorigin.com/news/new-glenn-ng-1-mission",
        "https://www.blueorigin.com/new-glenn"
      ],
      "discoveredUrls": 32,
      "visitedUrls": 20,
      "pagesParsed": 20,
      "passengers": 0,
      "payloads": 10,
      "facts": 2,
      "graphics": 2,
      "errors": []
    },
    {
      "launchId": "b005506a-9288-4877-9c87-fb46adaac5e9",
      "launchName": "New Shepard | NS-28",
      "flightCode": "ns-28",
      "seedUrls": [
        "https://www.blueorigin.com/missions/ns-28",
        "https://www.blueorigin.com/news/new-shepard-ns-28-mission",
        "https://www.blueorigin.com/new-shepard"
      ],
      "discoveredUrls": 31,
      "visitedUrls": 20,
      "pagesParsed": 18,
      "passengers": 0,
      "payloads": 9,
      "facts": 0,
      "graphics": 0,
      "errors": [
        "https://www.blueorigin.com/missions/ns-28:fetch_failed",
        "https://www.blueorigin.com/news/new-shepard-ns-28-mission:fetch_failed"
      ]
    },
    {
      "launchId": "bf8507a5-3536-4713-bdee-d8cab18a9570",
      "launchName": "New Shepard | NS-27",
      "flightCode": "ns-27",
      "seedUrls": [
        "https://www.blueorigin.com/missions/ns-27",
        "https://www.blueorigin.com/news/new-shepard-ns-27-mission",
        "https://www.blueorigin.com/new-shepard"
      ],
      "discoveredUrls": 31,
      "visitedUrls": 20,
      "pagesParsed": 18,
      "passengers": 0,
      "payloads": 9,
      "facts": 0,
      "graphics": 0,
      "errors": [
        "https://www.blueorigin.com/news/new-shepard-ns-27-mission:fetch_failed",
        "https://www.blueorigin.com/news/blue-origin-debuts-second-human-rated-new-shepard-rocket:fetch_failed"
      ]
    },
    {
      "launchId": "1a0fa749-0fd1-4649-a2e0-55c9037fe0b3",
      "launchName": "New Shepard | NS-26",
      "flightCode": "ns-26",
      "seedUrls": [
        "https://www.blueorigin.com/missions/ns-26",
        "https://www.blueorigin.com/news/new-shepard-ns-26-mission",
        "https://www.blueorigin.com/new-shepard"
      ],
      "discoveredUrls": 31,
      "visitedUrls": 20,
      "pagesParsed": 18,
      "passengers": 0,
      "payloads": 9,
      "facts": 0,
      "graphics": 0,
      "errors": [
        "https://www.blueorigin.com/missions/ns-26:fetch_failed",
        "https://www.blueorigin.com/news/new-shepard-ns-26-mission:fetch_failed"
      ]
    },
    {
      "launchId": "9090cf27-afc1-4829-871b-761d8d60058d",
      "launchName": "New Shepard | NS-25",
      "flightCode": "ns-25",
      "seedUrls": [
        "https://www.blueorigin.com/missions/ns-25",
        "https://www.blueorigin.com/news/new-shepard-ns-25-mission",
        "https://www.blueorigin.com/new-shepard"
      ],
      "discoveredUrls": 31,
      "visitedUrls": 20,
      "pagesParsed": 18,
      "passengers": 0,
      "payloads": 9,
      "facts": 0,
      "graphics": 0,
      "errors": [
        "https://www.blueorigin.com/news/new-shepard-ns-25-mission:fetch_failed",
        "https://www.blueorigin.com/news/ns-25-mission-updates:fetch_failed"
      ]
    },
    {
      "launchId": "0ffbf665-40f4-4102-93ca-a0ba4cc61347",
      "launchName": "New Shepard | NS-24",
      "flightCode": "ns-24",
      "seedUrls": [
        "https://www.blueorigin.com/news/new-shepard-ns-24-mission-announcement",
        "https://www.blueorigin.com/missions/ns-24",
        "https://www.blueorigin.com/news/new-shepard-ns-24-mission",
        "https://www.blueorigin.com/new-shepard"
      ],
      "discoveredUrls": 27,
      "visitedUrls": 20,
      "pagesParsed": 18,
      "passengers": 3,
      "payloads": 9,
      "facts": 3,
      "graphics": 0,
      "errors": [
        "https://www.blueorigin.com/news/new-shepard-ns-24-mission:fetch_failed",
        "https://www.blueorigin.com/news/ns-25-mission-updates:fetch_failed"
      ]
    },
    {
      "launchId": "ca6226ef-ef69-4d8a-ad46-b40a742164e4",
      "launchName": "New Shepard | NS-23",
      "flightCode": "ns-23",
      "seedUrls": [
        "https://www.blueorigin.com/missions/ns-23",
        "https://www.blueorigin.com/news/new-shepard-ns-23-mission",
        "https://www.blueorigin.com/new-shepard"
      ],
      "discoveredUrls": 31,
      "visitedUrls": 20,
      "pagesParsed": 18,
      "passengers": 0,
      "payloads": 9,
      "facts": 0,
      "graphics": 0,
      "errors": [
        "https://www.blueorigin.com/missions/ns-23:fetch_failed",
        "https://www.blueorigin.com/news/new-shepard-ns-23-mission:fetch_failed"
      ]
    },
    {
      "launchId": "d1a8e88e-6d41-4dd6-9cf1-5feb43c45ac0",
      "launchName": "New Shepard | NS-22",
      "flightCode": "ns-22",
      "seedUrls": [
        "https://www.blueorigin.com/missions/ns-22",
        "https://www.blueorigin.com/news/new-shepard-ns-22-mission",
        "https://www.blueorigin.com/new-shepard"
      ],
      "discoveredUrls": 31,
      "visitedUrls": 20,
      "pagesParsed": 18,
      "passengers": 0,
      "payloads": 9,
      "facts": 0,
      "graphics": 0,
      "errors": [
        "https://www.blueorigin.com/missions/ns-22:fetch_failed",
        "https://www.blueorigin.com/news/new-shepard-ns-22-mission:fetch_failed"
      ]
    },
    {
      "launchId": "5dac5fc5-3dc2-4e5f-995b-eb2b1199547c",
      "launchName": "New Shepard | NS-21",
      "flightCode": "ns-21",
      "seedUrls": [
        "https://www.blueorigin.com/news/ns-21-mission-updates",
        "https://www.blueorigin.com/missions/ns-21",
        "https://www.blueorigin.com/news/new-shepard-ns-21-mission",
        "https://www.blueorigin.com/new-shepard"
      ],
      "discoveredUrls": 29,
      "visitedUrls": 20,
      "pagesParsed": 17,
      "passengers": 0,
      "payloads": 9,
      "facts": 0,
      "graphics": 0,
      "errors": [
        "https://www.blueorigin.com/news/ns-21-mission-updates:fetch_failed",
        "https://www.blueorigin.com/missions/ns-21:fetch_failed",
        "https://www.blueorigin.com/news/new-shepard-ns-21-mission:fetch_failed"
      ]
    },
    {
      "launchId": "012a5f28-7276-4332-bd62-f4d488b88c68",
      "launchName": "New Shepard | NS-20",
      "flightCode": "ns-20",
      "seedUrls": [
        "https://www.blueorigin.com/news/ns-20-mission-updates",
        "https://www.blueorigin.com/missions/ns-20",
        "https://www.blueorigin.com/news/new-shepard-ns-20-mission",
        "https://www.blueorigin.com/new-shepard"
      ],
      "discoveredUrls": 29,
      "visitedUrls": 20,
      "pagesParsed": 17,
      "passengers": 0,
      "payloads": 9,
      "facts": 0,
      "graphics": 0,
      "errors": [
        "https://www.blueorigin.com/news/ns-20-mission-updates:fetch_failed",
        "https://www.blueorigin.com/missions/ns-20:fetch_failed",
        "https://www.blueorigin.com/news/new-shepard-ns-20-mission:fetch_failed"
      ]
    },
    {
      "launchId": "daca8703-163d-4c09-863e-4909b3dd746d",
      "launchName": "New Shepard | NS-19",
      "flightCode": "ns-19",
      "seedUrls": [
        "https://www.blueorigin.com/missions/ns-19",
        "https://www.blueorigin.com/news/new-shepard-ns-19-mission",
        "https://www.blueorigin.com/new-shepard"
      ],
      "discoveredUrls": 31,
      "visitedUrls": 20,
      "pagesParsed": 18,
      "passengers": 0,
      "payloads": 9,
      "facts": 0,
      "graphics": 0,
      "errors": [
        "https://www.blueorigin.com/missions/ns-19:fetch_failed",
        "https://www.blueorigin.com/news/new-shepard-ns-19-mission:fetch_failed"
      ]
    },
    {
      "launchId": "b8462621-d2a6-47ec-9ef6-08c69c6c6856",
      "launchName": "New Shepard | NS-18",
      "flightCode": "ns-18",
      "seedUrls": [
        "https://www.blueorigin.com/missions/ns-18",
        "https://www.blueorigin.com/news/new-shepard-ns-18-mission",
        "https://www.blueorigin.com/new-shepard"
      ],
      "discoveredUrls": 31,
      "visitedUrls": 20,
      "pagesParsed": 19,
      "passengers": 0,
      "payloads": 9,
      "facts": 0,
      "graphics": 0,
      "errors": [
        "https://www.blueorigin.com/news/new-shepard-ns-18-mission:fetch_failed"
      ]
    },
    {
      "launchId": "fb10ba72-2897-432e-8549-e863c4984dec",
      "launchName": "New Shepard | NS-17",
      "flightCode": "ns-17",
      "seedUrls": [
        "https://www.blueorigin.com/news/new-shepard-mission-ns-17-launch-updates",
        "https://www.blueorigin.com/missions/ns-17",
        "https://www.blueorigin.com/news/new-shepard-ns-17-mission",
        "https://www.blueorigin.com/new-shepard"
      ],
      "discoveredUrls": 31,
      "visitedUrls": 20,
      "pagesParsed": 18,
      "passengers": 0,
      "payloads": 9,
      "facts": 0,
      "graphics": 0,
      "errors": [
        "https://www.blueorigin.com/news/new-shepard-mission-ns-17-launch-updates:fetch_failed",
        "https://www.blueorigin.com/news/new-shepard-ns-17-mission:fetch_failed"
      ]
    },
    {
      "launchId": "c2cda252-e82e-449c-9759-6821df6c38c4",
      "launchName": "New Shepard | NS-16",
      "flightCode": "ns-16",
      "seedUrls": [
        "https://www.blueorigin.com/missions/ns-16",
        "https://www.blueorigin.com/news/new-shepard-ns-16-mission",
        "https://www.blueorigin.com/new-shepard"
      ],
      "discoveredUrls": 31,
      "visitedUrls": 20,
      "pagesParsed": 18,
      "passengers": 0,
      "payloads": 9,
      "facts": 0,
      "graphics": 0,
      "errors": [
        "https://www.blueorigin.com/news/new-shepard-ns-16-mission:fetch_failed",
        "https://www.blueorigin.com/news/first-human-flight-updates:fetch_failed"
      ]
    },
    {
      "launchId": "33503fc3-a585-48ad-a999-5682d3edfdb4",
      "launchName": "New Shepard | NS-15",
      "flightCode": "ns-15",
      "seedUrls": [
        "https://www.blueorigin.com/news/ns-15-mission-to-conduct-astronaut-rehearsal",
        "https://www.blueorigin.com/missions/ns-15",
        "https://www.blueorigin.com/news/new-shepard-ns-15-mission",
        "https://www.blueorigin.com/new-shepard"
      ],
      "discoveredUrls": 29,
      "visitedUrls": 20,
      "pagesParsed": 17,
      "passengers": 0,
      "payloads": 9,
      "facts": 0,
      "graphics": 0,
      "errors": [
        "https://www.blueorigin.com/news/ns-15-mission-to-conduct-astronaut-rehearsal:fetch_failed",
        "https://www.blueorigin.com/missions/ns-15:fetch_failed",
        "https://www.blueorigin.com/news/new-shepard-ns-15-mission:fetch_failed"
      ]
    },
    {
      "launchId": "d8a1e474-397e-4b16-97c0-f8fe48c02dc6",
      "launchName": "New Shepard | NS-14",
      "flightCode": "ns-14",
      "seedUrls": [
        "https://www.blueorigin.com/news/new-shepard-ns-14-astronaut-experience-upgrades",
        "https://www.blueorigin.com/missions/ns-14",
        "https://www.blueorigin.com/news/new-shepard-ns-14-mission",
        "https://www.blueorigin.com/new-shepard"
      ],
      "discoveredUrls": 26,
      "visitedUrls": 20,
      "pagesParsed": 17,
      "passengers": 0,
      "payloads": 9,
      "facts": 0,
      "graphics": 0,
      "errors": [
        "https://www.blueorigin.com/news/new-shepard-ns-14-mission:fetch_failed",
        "https://www.blueorigin.com/news/ns-15-mission-to-conduct-astronaut-rehearsal:fetch_failed",
        "https://www.blueorigin.com/news/new-glenns-progress-towards-maiden-flight:fetch_failed"
      ]
    },
    {
      "launchId": "89ffcc85-a514-4983-8093-2cfb7ffe57a7",
      "launchName": "New Shepard | NS-13",
      "flightCode": "ns-13",
      "seedUrls": [
        "https://www.blueorigin.com/missions/ns-13",
        "https://www.blueorigin.com/news/new-shepard-ns-13-mission",
        "https://www.blueorigin.com/new-shepard"
      ],
      "discoveredUrls": 31,
      "visitedUrls": 20,
      "pagesParsed": 19,
      "passengers": 0,
      "payloads": 9,
      "facts": 0,
      "graphics": 0,
      "errors": [
        "https://www.blueorigin.com/news/new-shepard-ns-13-mission:fetch_failed"
      ]
    },
    {
      "launchId": "b5223255-b76e-44eb-89d8-93f23ca6475e",
      "launchName": "New Shepard | NS-12",
      "flightCode": "ns-12",
      "seedUrls": [
        "https://www.blueorigin.com/missions/ns-12",
        "https://www.blueorigin.com/news/new-shepard-ns-12-mission",
        "https://www.blueorigin.com/new-shepard"
      ],
      "discoveredUrls": 31,
      "visitedUrls": 20,
      "pagesParsed": 18,
      "passengers": 0,
      "payloads": 9,
      "facts": 0,
      "graphics": 0,
      "errors": [
        "https://www.blueorigin.com/missions/ns-12:fetch_failed",
        "https://www.blueorigin.com/news/new-shepard-ns-12-mission:fetch_failed"
      ]
    },
    {
      "launchId": "968a441f-a57a-4815-907e-0e8dbfeb7992",
      "launchName": "New Shepard | NS-11",
      "flightCode": "ns-11",
      "seedUrls": [
        "https://www.blueorigin.com/missions/ns-11",
        "https://www.blueorigin.com/news/new-shepard-ns-11-mission",
        "https://www.blueorigin.com/new-shepard"
      ],
      "discoveredUrls": 31,
      "visitedUrls": 20,
      "pagesParsed": 18,
      "passengers": 0,
      "payloads": 9,
      "facts": 0,
      "graphics": 0,
      "errors": [
        "https://www.blueorigin.com/missions/ns-11:fetch_failed",
        "https://www.blueorigin.com/news/new-shepard-ns-11-mission:fetch_failed"
      ]
    },
    {
      "launchId": "affdb294-8834-4efd-a51f-8248bbb10a49",
      "launchName": "New Shepard | NS-10",
      "flightCode": "ns-10",
      "seedUrls": [
        "https://www.blueorigin.com/news/news/new-shepard-to-fly-9-nasa-sponsored-payloads-to-space-on-ns-10",
        "https://www.blueorigin.com/missions/ns-10",
        "https://www.blueorigin.com/news/new-shepard-ns-10-mission",
        "https://www.blueorigin.com/new-shepard"
      ],
      "discoveredUrls": 56,
      "visitedUrls": 20,
      "pagesParsed": 17,
      "passengers": 0,
      "payloads": 9,
      "facts": 0,
      "graphics": 0,
      "errors": [
        "https://www.blueorigin.com/news/new-shepard-ns-10-mission:fetch_failed",
        "https://www.blueorigin.com/news/news/blue-origins-be-4-engine-selected-by-ula-to-power-vulcan:fetch_failed",
        "https://www.blueorigin.com/news/news/apogee-351000-feet:fetch_failed"
      ]
    },
    {
      "launchId": "68488234-6337-407a-88ca-b8b4983e9e7c",
      "launchName": "New Shepard | NS-9",
      "flightCode": "ns-9",
      "seedUrls": [
        "https://www.blueorigin.com/missions/ns-9",
        "https://www.blueorigin.com/news/new-shepard-ns-9-mission",
        "https://www.blueorigin.com/new-shepard"
      ],
      "discoveredUrls": 31,
      "visitedUrls": 20,
      "pagesParsed": 18,
      "passengers": 0,
      "payloads": 9,
      "facts": 0,
      "graphics": 0,
      "errors": [
        "https://www.blueorigin.com/missions/ns-9:fetch_failed",
        "https://www.blueorigin.com/news/new-shepard-ns-9-mission:fetch_failed"
      ]
    },
    {
      "launchId": "0a52fc26-659a-4f60-8112-46b4da8656af",
      "launchName": "New Shepard | NS-8",
      "flightCode": "ns-8",
      "seedUrls": [
        "https://www.blueorigin.com/missions/ns-8",
        "https://www.blueorigin.com/news/new-shepard-ns-8-mission",
        "https://www.blueorigin.com/new-shepard"
      ],
      "discoveredUrls": 31,
      "visitedUrls": 20,
      "pagesParsed": 19,
      "passengers": 0,
      "payloads": 9,
      "facts": 0,
      "graphics": 0,
      "errors": [
        "https://www.blueorigin.com/news/new-shepard-ns-8-mission:fetch_failed"
      ]
    },
    {
      "launchId": "c00293f1-09cc-473b-9208-cd5d98f11d7f",
      "launchName": "New Shepard | NS-7",
      "flightCode": "ns-7",
      "seedUrls": [
        "https://www.blueorigin.com/missions/ns-7",
        "https://www.blueorigin.com/news/new-shepard-ns-7-mission",
        "https://www.blueorigin.com/new-shepard"
      ],
      "discoveredUrls": 29,
      "visitedUrls": 20,
      "pagesParsed": 19,
      "passengers": 0,
      "payloads": 10,
      "facts": 2,
      "graphics": 0,
      "errors": [
        "https://www.blueorigin.com/news/new-shepard-ns-7-mission:fetch_failed"
      ]
    },
    {
      "launchId": "52442d30-b30e-4506-ace7-398f49d8e7d4",
      "launchName": "New Shepard | NS-6",
      "flightCode": "ns-6",
      "seedUrls": [
        "https://www.blueorigin.com/missions/ns-6",
        "https://www.blueorigin.com/news/new-shepard-ns-6-mission",
        "https://www.blueorigin.com/new-shepard"
      ],
      "discoveredUrls": 27,
      "visitedUrls": 20,
      "pagesParsed": 19,
      "passengers": 0,
      "payloads": 24,
      "facts": 0,
      "graphics": 0,
      "errors": [
        "https://www.blueorigin.com/news/new-shepard-ns-6-mission:fetch_failed"
      ]
    },
    {
      "launchId": "a005a673-a3c4-4288-ade1-b16a1b81ae9e",
      "launchName": "New Shepard | NS-5",
      "flightCode": "ns-5",
      "seedUrls": [
        "https://www.blueorigin.com/missions/ns-5",
        "https://www.blueorigin.com/news/new-shepard-ns-5-mission",
        "https://www.blueorigin.com/new-shepard"
      ],
      "discoveredUrls": 31,
      "visitedUrls": 20,
      "pagesParsed": 19,
      "passengers": 0,
      "payloads": 9,
      "facts": 0,
      "graphics": 0,
      "errors": [
        "https://www.blueorigin.com/news/new-shepard-ns-5-mission:fetch_failed"
      ]
    },
    {
      "launchId": "8dd51176-09c9-46da-b638-f1192aa2d8cb",
      "launchName": "New Shepard | NS-4",
      "flightCode": "ns-4",
      "seedUrls": [
        "https://www.blueorigin.com/missions/ns-4",
        "https://www.blueorigin.com/news/new-shepard-ns-4-mission",
        "https://www.blueorigin.com/new-shepard"
      ],
      "discoveredUrls": 28,
      "visitedUrls": 20,
      "pagesParsed": 18,
      "passengers": 5,
      "payloads": 9,
      "facts": 1,
      "graphics": 0,
      "errors": [
        "https://www.blueorigin.com/news/new-shepard-ns-4-mission:fetch_failed",
        "https://www.blueorigin.com/news/new-glenn-launches-nasa-escapade-lands-fully-reusable-booster:fetch_failed"
      ]
    },
    {
      "launchId": "c132fff0-423e-4136-8c76-c065141c77a9",
      "launchName": "New Shepard | NS-3",
      "flightCode": "ns-3",
      "seedUrls": [
        "https://www.blueorigin.com/news/news/launch-land-repeat",
        "https://www.blueorigin.com/missions/ns-3",
        "https://www.blueorigin.com/news/new-shepard-ns-3-mission",
        "https://www.blueorigin.com/new-shepard"
      ],
      "discoveredUrls": 29,
      "visitedUrls": 20,
      "pagesParsed": 18,
      "passengers": 0,
      "payloads": 9,
      "facts": 0,
      "graphics": 0,
      "errors": [
        "https://www.blueorigin.com/news/news/launch-land-repeat:fetch_failed",
        "https://www.blueorigin.com/news/new-shepard-ns-3-mission:fetch_failed"
      ]
    },
    {
      "launchId": "09951d5e-a884-4a3e-9a98-9e350a15c3ea",
      "launchName": "New Shepard | NS-2",
      "flightCode": "ns-2",
      "seedUrls": [
        "https://www.blueorigin.com/missions/ns-2",
        "https://www.blueorigin.com/news/new-shepard-ns-2-mission",
        "https://www.blueorigin.com/new-shepard"
      ],
      "discoveredUrls": 25,
      "visitedUrls": 20,
      "pagesParsed": 17,
      "passengers": 5,
      "payloads": 9,
      "facts": 0,
      "graphics": 0,
      "errors": [
        "https://www.blueorigin.com/news/new-shepard-ns-2-mission:fetch_failed",
        "https://www.blueorigin.com/news/new-shepard-ns-26-mission:fetch_failed",
        "https://www.blueorigin.com/news/ns-25-mission-updates:fetch_failed"
      ]
    },
    {
      "launchId": "e6962f69-b7f0-462b-a787-276c3de49358",
      "launchName": "New Shepard | NS-1",
      "flightCode": "ns-1",
      "seedUrls": [
        "https://www.blueorigin.com/missions/ns-1",
        "https://www.blueorigin.com/news/new-shepard-ns-1-mission",
        "https://www.blueorigin.com/new-shepard"
      ],
      "discoveredUrls": 27,
      "visitedUrls": 20,
      "pagesParsed": 18,
      "passengers": 3,
      "payloads": 9,
      "facts": 1,
      "graphics": 0,
      "errors": [
        "https://www.blueorigin.com/news/new-shepard-ns-1-mission:fetch_failed",
        "https://www.blueorigin.com/news/ns-25-mission-updates:fetch_failed"
      ]
    }
  ],
  "unresolvedLaunchDetailCount": 0,
  "unresolvedLaunchDetails": []
}
