[blue-origin-launch-details-backfill] start
{
  "skipJobs": true,
  "dryRun": true,
  "timeoutSeconds": 120,
  "maxLaunches": 45,
  "maxPagesPerLaunch": 60,
  "minEnhancementCoverage": 0,
  "allowLowCoverage": true,
  "jobs": [
    "blue-origin-bootstrap",
    "blue-origin-vehicles-ingest",
    "blue-origin-engines-ingest",
    "blue-origin-missions-ingest",
    "blue-origin-news-ingest",
    "blue-origin-media-ingest",
    "blue-origin-passengers-ingest",
    "blue-origin-payloads-ingest",
    "blue-origin-contracts-ingest",
    "blue-origin-social-ingest",
    "blue-origin-snapshot-build"
  ]
}
[launches] scanned=45
[flights] seeded=45 (dry-run)
[flights] link updates=0 unresolved_after_resolver=0 (dry-run)
